{"/home/luis-lr/Documentos/U4_BARRON/NanoDock_Back/index.js": {"path":"/home/luis-lr/Documentos/U4_BARRON/NanoDock_Back/index.js","statementMap":{"0":{"start":{"line":1,"column":16},"end":{"line":1,"column":34}},"1":{"start":{"line":2,"column":13},"end":{"line":2,"column":28}},"2":{"start":{"line":3,"column":12},"end":{"line":3,"column":21}},"3":{"start":{"line":4,"column":13},"end":{"line":4,"column":17}},"4":{"start":{"line":6,"column":0},"end":{"line":6,"column":29}},"5":{"start":{"line":8,"column":0},"end":{"line":8,"column":16}},"6":{"start":{"line":9,"column":0},"end":{"line":9,"column":24}},"7":{"start":{"line":12,"column":0},"end":{"line":12,"column":61}},"8":{"start":{"line":13,"column":0},"end":{"line":13,"column":65}},"9":{"start":{"line":14,"column":0},"end":{"line":14,"column":61}},"10":{"start":{"line":24,"column":0},"end":{"line":24,"column":21}}},"fnMap":{},"branchMap":{},"s":{"0":1,"1":1,"2":1,"3":1,"4":1,"5":1,"6":1,"7":1,"8":1,"9":1,"10":1},"f":{},"b":{},"_coverageSchema":"1a1c01bbd47fc00a2c39e90264f33305004495a9","hash":"5157a331831faf58d5c1d0efe6a64884c40f3b55"}
,"/home/luis-lr/Documentos/U4_BARRON/NanoDock_Back/config/database.js": {"path":"/home/luis-lr/Documentos/U4_BARRON/NanoDock_Back/config/database.js","statementMap":{"0":{"start":{"line":1,"column":14},"end":{"line":1,"column":31}},"1":{"start":{"line":2,"column":0},"end":{"line":2,"column":27}},"2":{"start":{"line":6,"column":0},"end":{"line":28,"column":1}},"3":{"start":{"line":7,"column":2},"end":{"line":14,"column":5}},"4":{"start":{"line":16,"column":2},"end":{"line":22,"column":5}},"5":{"start":{"line":17,"column":4},"end":{"line":20,"column":5}},"6":{"start":{"line":18,"column":6},"end":{"line":18,"column":76}},"7":{"start":{"line":19,"column":6},"end":{"line":19,"column":13}},"8":{"start":{"line":21,"column":4},"end":{"line":21,"column":67}},"9":{"start":{"line":25,"column":2},"end":{"line":27,"column":4}},"10":{"start":{"line":30,"column":0},"end":{"line":30,"column":28}}},"fnMap":{"0":{"name":"(anonymous_0)","decl":{"start":{"line":16,"column":21},"end":{"line":16,"column":22}},"loc":{"start":{"line":16,"column":30},"end":{"line":22,"column":3}},"line":16}},"branchMap":{"0":{"loc":{"start":{"line":6,"column":0},"end":{"line":28,"column":1}},"type":"if","locations":[{"start":{"line":6,"column":0},"end":{"line":28,"column":1}},{"start":{"line":23,"column":7},"end":{"line":28,"column":1}}],"line":6},"1":{"loc":{"start":{"line":17,"column":4},"end":{"line":20,"column":5}},"type":"if","locations":[{"start":{"line":17,"column":4},"end":{"line":20,"column":5}},{"start":{},"end":{}}],"line":17}},"s":{"0":3,"1":3,"2":3,"3":2,"4":2,"5":2,"6":1,"7":1,"8":1,"9":1,"10":3},"f":{"0":2},"b":{"0":[2,1],"1":[1,1]},"_coverageSchema":"1a1c01bbd47fc00a2c39e90264f33305004495a9","hash":"bd9f303448131c1ccacd02d5db03ade2b0ffc8fd"}
,"/home/luis-lr/Documentos/U4_BARRON/NanoDock_Back/controllers/opcionesController.js": {"path":"/home/luis-lr/Documentos/U4_BARRON/NanoDock_Back/controllers/opcionesController.js","statementMap":{"0":{"start":{"line":1,"column":11},"end":{"line":1,"column":40}},"1":{"start":{"line":3,"column":24},"end":{"line":13,"column":1}},"2":{"start":{"line":4,"column":14},"end":{"line":4,"column":38}},"3":{"start":{"line":6,"column":2},"end":{"line":12,"column":5}},"4":{"start":{"line":7,"column":4},"end":{"line":9,"column":5}},"5":{"start":{"line":8,"column":6},"end":{"line":8,"column":92}},"6":{"start":{"line":11,"column":4},"end":{"line":11,"column":22}},"7":{"start":{"line":15,"column":0},"end":{"line":15,"column":37}}},"fnMap":{"0":{"name":"(anonymous_0)","decl":{"start":{"line":3,"column":24},"end":{"line":3,"column":25}},"loc":{"start":{"line":3,"column":38},"end":{"line":13,"column":1}},"line":3},"1":{"name":"(anonymous_1)","decl":{"start":{"line":6,"column":18},"end":{"line":6,"column":19}},"loc":{"start":{"line":6,"column":36},"end":{"line":12,"column":3}},"line":6}},"branchMap":{"0":{"loc":{"start":{"line":7,"column":4},"end":{"line":9,"column":5}},"type":"if","locations":[{"start":{"line":7,"column":4},"end":{"line":9,"column":5}},{"start":{},"end":{}}],"line":7}},"s":{"0":1,"1":1,"2":2,"3":2,"4":2,"5":1,"6":1,"7":1},"f":{"0":2,"1":2},"b":{"0":[1,1]},"_coverageSchema":"1a1c01bbd47fc00a2c39e90264f33305004495a9","hash":"683b0da196f982f62f27f808811d9b29ab52ce3d"}
,"/home/luis-lr/Documentos/U4_BARRON/NanoDock_Back/controllers/partidasController.js": {"path":"/home/luis-lr/Documentos/U4_BARRON/NanoDock_Back/controllers/partidasController.js","statementMap":{"0":{"start":{"line":1,"column":11},"end":{"line":1,"column":40}},"1":{"start":{"line":4,"column":24},"end":{"line":23,"column":1}},"2":{"start":{"line":5,"column":14},"end":{"line":15,"column":3}},"3":{"start":{"line":17,"column":2},"end":{"line":22,"column":5}},"4":{"start":{"line":18,"column":4},"end":{"line":20,"column":5}},"5":{"start":{"line":19,"column":6},"end":{"line":19,"column":88}},"6":{"start":{"line":21,"column":4},"end":{"line":21,"column":22}},"7":{"start":{"line":26,"column":28},"end":{"line":50,"column":1}},"8":{"start":{"line":27,"column":17},"end":{"line":27,"column":27}},"9":{"start":{"line":29,"column":14},"end":{"line":39,"column":3}},"10":{"start":{"line":41,"column":2},"end":{"line":49,"column":5}},"11":{"start":{"line":42,"column":4},"end":{"line":44,"column":5}},"12":{"start":{"line":43,"column":6},"end":{"line":43,"column":90}},"13":{"start":{"line":45,"column":4},"end":{"line":47,"column":5}},"14":{"start":{"line":46,"column":6},"end":{"line":46,"column":70}},"15":{"start":{"line":48,"column":4},"end":{"line":48,"column":25}},"16":{"start":{"line":53,"column":26},"end":{"line":69,"column":1}},"17":{"start":{"line":54,"column":31},"end":{"line":54,"column":39}},"18":{"start":{"line":56,"column":2},"end":{"line":58,"column":3}},"19":{"start":{"line":57,"column":4},"end":{"line":57,"column":64}},"20":{"start":{"line":60,"column":2},"end":{"line":60,"column":54}},"21":{"start":{"line":60,"column":27},"end":{"line":60,"column":54}},"22":{"start":{"line":63,"column":4},"end":{"line":65,"column":36}},"23":{"start":{"line":68,"column":2},"end":{"line":68,"column":47}},"24":{"start":{"line":71,"column":21},"end":{"line":92,"column":1}},"25":{"start":{"line":72,"column":61},"end":{"line":72,"column":69}},"26":{"start":{"line":74,"column":2},"end":{"line":76,"column":3}},"27":{"start":{"line":75,"column":4},"end":{"line":75,"column":72}},"28":{"start":{"line":78,"column":14},"end":{"line":81,"column":3}},"29":{"start":{"line":83,"column":2},"end":{"line":91,"column":5}},"30":{"start":{"line":84,"column":4},"end":{"line":86,"column":5}},"31":{"start":{"line":85,"column":6},"end":{"line":85,"column":85}},"32":{"start":{"line":87,"column":4},"end":{"line":90,"column":7}},"33":{"start":{"line":99,"column":26},"end":{"line":126,"column":1}},"34":{"start":{"line":100,"column":17},"end":{"line":100,"column":27}},"35":{"start":{"line":101,"column":61},"end":{"line":101,"column":69}},"36":{"start":{"line":103,"column":2},"end":{"line":109,"column":3}},"37":{"start":{"line":108,"column":4},"end":{"line":108,"column":72}},"38":{"start":{"line":111,"column":14},"end":{"line":115,"column":3}},"39":{"start":{"line":117,"column":2},"end":{"line":125,"column":5}},"40":{"start":{"line":118,"column":4},"end":{"line":120,"column":5}},"41":{"start":{"line":119,"column":6},"end":{"line":119,"column":90}},"42":{"start":{"line":121,"column":4},"end":{"line":123,"column":5}},"43":{"start":{"line":122,"column":6},"end":{"line":122,"column":70}},"44":{"start":{"line":124,"column":4},"end":{"line":124,"column":63}},"45":{"start":{"line":129,"column":24},"end":{"line":143,"column":1}},"46":{"start":{"line":130,"column":17},"end":{"line":130,"column":27}},"47":{"start":{"line":132,"column":14},"end":{"line":132,"column":49}},"48":{"start":{"line":134,"column":2},"end":{"line":142,"column":5}},"49":{"start":{"line":135,"column":4},"end":{"line":137,"column":5}},"50":{"start":{"line":136,"column":6},"end":{"line":136,"column":88}},"51":{"start":{"line":138,"column":4},"end":{"line":140,"column":5}},"52":{"start":{"line":139,"column":6},"end":{"line":139,"column":70}},"53":{"start":{"line":141,"column":4},"end":{"line":141,"column":61}},"54":{"start":{"line":145,"column":0},"end":{"line":152,"column":2}}},"fnMap":{"0":{"name":"(anonymous_0)","decl":{"start":{"line":4,"column":24},"end":{"line":4,"column":25}},"loc":{"start":{"line":4,"column":38},"end":{"line":23,"column":1}},"line":4},"1":{"name":"(anonymous_1)","decl":{"start":{"line":17,"column":18},"end":{"line":17,"column":19}},"loc":{"start":{"line":17,"column":36},"end":{"line":22,"column":3}},"line":17},"2":{"name":"(anonymous_2)","decl":{"start":{"line":26,"column":28},"end":{"line":26,"column":29}},"loc":{"start":{"line":26,"column":42},"end":{"line":50,"column":1}},"line":26},"3":{"name":"(anonymous_3)","decl":{"start":{"line":41,"column":24},"end":{"line":41,"column":25}},"loc":{"start":{"line":41,"column":42},"end":{"line":49,"column":3}},"line":41},"4":{"name":"(anonymous_4)","decl":{"start":{"line":53,"column":26},"end":{"line":53,"column":27}},"loc":{"start":{"line":53,"column":40},"end":{"line":69,"column":1}},"line":53},"5":{"name":"(anonymous_5)","decl":{"start":{"line":71,"column":21},"end":{"line":71,"column":22}},"loc":{"start":{"line":71,"column":35},"end":{"line":92,"column":1}},"line":71},"6":{"name":"(anonymous_6)","decl":{"start":{"line":83,"column":68},"end":{"line":83,"column":69}},"loc":{"start":{"line":83,"column":85},"end":{"line":91,"column":3}},"line":83},"7":{"name":"(anonymous_7)","decl":{"start":{"line":99,"column":26},"end":{"line":99,"column":27}},"loc":{"start":{"line":99,"column":40},"end":{"line":126,"column":1}},"line":99},"8":{"name":"(anonymous_8)","decl":{"start":{"line":117,"column":72},"end":{"line":117,"column":73}},"loc":{"start":{"line":117,"column":89},"end":{"line":125,"column":3}},"line":117},"9":{"name":"(anonymous_9)","decl":{"start":{"line":129,"column":24},"end":{"line":129,"column":25}},"loc":{"start":{"line":129,"column":38},"end":{"line":143,"column":1}},"line":129},"10":{"name":"(anonymous_10)","decl":{"start":{"line":134,"column":24},"end":{"line":134,"column":25}},"loc":{"start":{"line":134,"column":41},"end":{"line":142,"column":3}},"line":134}},"branchMap":{"0":{"loc":{"start":{"line":18,"column":4},"end":{"line":20,"column":5}},"type":"if","locations":[{"start":{"line":18,"column":4},"end":{"line":20,"column":5}},{"start":{},"end":{}}],"line":18},"1":{"loc":{"start":{"line":42,"column":4},"end":{"line":44,"column":5}},"type":"if","locations":[{"start":{"line":42,"column":4},"end":{"line":44,"column":5}},{"start":{},"end":{}}],"line":42},"2":{"loc":{"start":{"line":45,"column":4},"end":{"line":47,"column":5}},"type":"if","locations":[{"start":{"line":45,"column":4},"end":{"line":47,"column":5}},{"start":{},"end":{}}],"line":45},"3":{"loc":{"start":{"line":56,"column":2},"end":{"line":58,"column":3}},"type":"if","locations":[{"start":{"line":56,"column":2},"end":{"line":58,"column":3}},{"start":{},"end":{}}],"line":56},"4":{"loc":{"start":{"line":56,"column":6},"end":{"line":56,"column":40}},"type":"binary-expr","locations":[{"start":{"line":56,"column":6},"end":{"line":56,"column":23}},{"start":{"line":56,"column":27},"end":{"line":56,"column":40}}],"line":56},"5":{"loc":{"start":{"line":60,"column":2},"end":{"line":60,"column":54}},"type":"if","locations":[{"start":{"line":60,"column":2},"end":{"line":60,"column":54}},{"start":{},"end":{}}],"line":60},"6":{"loc":{"start":{"line":63,"column":4},"end":{"line":65,"column":36}},"type":"binary-expr","locations":[{"start":{"line":63,"column":5},"end":{"line":63,"column":20}},{"start":{"line":63,"column":24},"end":{"line":63,"column":35}},{"start":{"line":64,"column":5},"end":{"line":64,"column":20}},{"start":{"line":64,"column":24},"end":{"line":64,"column":35}},{"start":{"line":65,"column":5},"end":{"line":65,"column":20}},{"start":{"line":65,"column":24},"end":{"line":65,"column":35}}],"line":63},"7":{"loc":{"start":{"line":68,"column":24},"end":{"line":68,"column":43}},"type":"cond-expr","locations":[{"start":{"line":68,"column":38},"end":{"line":68,"column":39}},{"start":{"line":68,"column":42},"end":{"line":68,"column":43}}],"line":68},"8":{"loc":{"start":{"line":74,"column":2},"end":{"line":76,"column":3}},"type":"if","locations":[{"start":{"line":74,"column":2},"end":{"line":76,"column":3}},{"start":{},"end":{}}],"line":74},"9":{"loc":{"start":{"line":74,"column":6},"end":{"line":74,"column":59}},"type":"binary-expr","locations":[{"start":{"line":74,"column":6},"end":{"line":74,"column":24}},{"start":{"line":74,"column":28},"end":{"line":74,"column":42}},{"start":{"line":74,"column":46},"end":{"line":74,"column":59}}],"line":74},"10":{"loc":{"start":{"line":84,"column":4},"end":{"line":86,"column":5}},"type":"if","locations":[{"start":{"line":84,"column":4},"end":{"line":86,"column":5}},{"start":{},"end":{}}],"line":84},"11":{"loc":{"start":{"line":103,"column":2},"end":{"line":109,"column":3}},"type":"if","locations":[{"start":{"line":103,"column":2},"end":{"line":109,"column":3}},{"start":{},"end":{}}],"line":103},"12":{"loc":{"start":{"line":104,"column":4},"end":{"line":106,"column":17}},"type":"binary-expr","locations":[{"start":{"line":104,"column":4},"end":{"line":104,"column":22}},{"start":{"line":105,"column":4},"end":{"line":105,"column":18}},{"start":{"line":106,"column":4},"end":{"line":106,"column":17}}],"line":104},"13":{"loc":{"start":{"line":118,"column":4},"end":{"line":120,"column":5}},"type":"if","locations":[{"start":{"line":118,"column":4},"end":{"line":120,"column":5}},{"start":{},"end":{}}],"line":118},"14":{"loc":{"start":{"line":121,"column":4},"end":{"line":123,"column":5}},"type":"if","locations":[{"start":{"line":121,"column":4},"end":{"line":123,"column":5}},{"start":{},"end":{}}],"line":121},"15":{"loc":{"start":{"line":135,"column":4},"end":{"line":137,"column":5}},"type":"if","locations":[{"start":{"line":135,"column":4},"end":{"line":137,"column":5}},{"start":{},"end":{}}],"line":135},"16":{"loc":{"start":{"line":138,"column":4},"end":{"line":140,"column":5}},"type":"if","locations":[{"start":{"line":138,"column":4},"end":{"line":140,"column":5}},{"start":{},"end":{}}],"line":138}},"s":{"0":1,"1":1,"2":2,"3":2,"4":2,"5":1,"6":1,"7":1,"8":3,"9":3,"10":3,"11":3,"12":1,"13":2,"14":1,"15":1,"16":1,"17":6,"18":6,"19":1,"20":5,"21":1,"22":4,"23":4,"24":1,"25":3,"26":3,"27":1,"28":2,"29":2,"30":2,"31":1,"32":1,"33":1,"34":4,"35":4,"36":4,"37":1,"38":3,"39":3,"40":3,"41":1,"42":2,"43":1,"44":1,"45":1,"46":3,"47":3,"48":3,"49":3,"50":1,"51":2,"52":1,"53":1,"54":1},"f":{"0":2,"1":2,"2":3,"3":3,"4":6,"5":3,"6":2,"7":4,"8":3,"9":3,"10":3},"b":{"0":[1,1],"1":[1,2],"2":[1,1],"3":[1,5],"4":[6,5],"5":[1,4],"6":[4,2,3,1,2,1],"7":[3,1],"8":[1,2],"9":[3,2,2],"10":[1,1],"11":[1,3],"12":[4,3,3],"13":[1,2],"14":[1,1],"15":[1,2],"16":[1,1]},"_coverageSchema":"1a1c01bbd47fc00a2c39e90264f33305004495a9","hash":"cda7de3f2a5e4c756e026e36d89852c8c63ac5d9"}
,"/home/luis-lr/Documentos/U4_BARRON/NanoDock_Back/controllers/resultadoController.js": {"path":"/home/luis-lr/Documentos/U4_BARRON/NanoDock_Back/controllers/resultadoController.js","statementMap":{"0":{"start":{"line":1,"column":11},"end":{"line":1,"column":40}},"1":{"start":{"line":4,"column":26},"end":{"line":13,"column":1}},"2":{"start":{"line":5,"column":14},"end":{"line":5,"column":40}},"3":{"start":{"line":7,"column":2},"end":{"line":12,"column":5}},"4":{"start":{"line":8,"column":4},"end":{"line":10,"column":5}},"5":{"start":{"line":9,"column":6},"end":{"line":9,"column":94}},"6":{"start":{"line":11,"column":4},"end":{"line":11,"column":22}},"7":{"start":{"line":16,"column":23},"end":{"line":39,"column":1}},"8":{"start":{"line":17,"column":21},"end":{"line":17,"column":29}},"9":{"start":{"line":19,"column":2},"end":{"line":21,"column":3}},"10":{"start":{"line":20,"column":4},"end":{"line":20,"column":79}},"11":{"start":{"line":23,"column":14},"end":{"line":23,"column":58}},"12":{"start":{"line":25,"column":2},"end":{"line":38,"column":5}},"13":{"start":{"line":26,"column":4},"end":{"line":31,"column":5}},"14":{"start":{"line":27,"column":6},"end":{"line":29,"column":7}},"15":{"start":{"line":28,"column":8},"end":{"line":28,"column":73}},"16":{"start":{"line":30,"column":6},"end":{"line":30,"column":93}},"17":{"start":{"line":33,"column":4},"end":{"line":37,"column":7}},"18":{"start":{"line":41,"column":0},"end":{"line":41,"column":55}}},"fnMap":{"0":{"name":"(anonymous_0)","decl":{"start":{"line":4,"column":26},"end":{"line":4,"column":27}},"loc":{"start":{"line":4,"column":40},"end":{"line":13,"column":1}},"line":4},"1":{"name":"(anonymous_1)","decl":{"start":{"line":7,"column":18},"end":{"line":7,"column":19}},"loc":{"start":{"line":7,"column":36},"end":{"line":12,"column":3}},"line":7},"2":{"name":"(anonymous_2)","decl":{"start":{"line":16,"column":23},"end":{"line":16,"column":24}},"loc":{"start":{"line":16,"column":37},"end":{"line":39,"column":1}},"line":16},"3":{"name":"(anonymous_3)","decl":{"start":{"line":25,"column":28},"end":{"line":25,"column":29}},"loc":{"start":{"line":25,"column":45},"end":{"line":38,"column":3}},"line":25}},"branchMap":{"0":{"loc":{"start":{"line":8,"column":4},"end":{"line":10,"column":5}},"type":"if","locations":[{"start":{"line":8,"column":4},"end":{"line":10,"column":5}},{"start":{},"end":{}}],"line":8},"1":{"loc":{"start":{"line":19,"column":2},"end":{"line":21,"column":3}},"type":"if","locations":[{"start":{"line":19,"column":2},"end":{"line":21,"column":3}},{"start":{},"end":{}}],"line":19},"2":{"loc":{"start":{"line":26,"column":4},"end":{"line":31,"column":5}},"type":"if","locations":[{"start":{"line":26,"column":4},"end":{"line":31,"column":5}},{"start":{},"end":{}}],"line":26},"3":{"loc":{"start":{"line":27,"column":6},"end":{"line":29,"column":7}},"type":"if","locations":[{"start":{"line":27,"column":6},"end":{"line":29,"column":7}},{"start":{},"end":{}}],"line":27}},"s":{"0":1,"1":1,"2":2,"3":2,"4":2,"5":1,"6":1,"7":1,"8":4,"9":4,"10":1,"11":3,"12":3,"13":3,"14":2,"15":1,"16":1,"17":1,"18":1},"f":{"0":2,"1":2,"2":4,"3":3},"b":{"0":[1,1],"1":[1,3],"2":[2,1],"3":[1,1]},"_coverageSchema":"1a1c01bbd47fc00a2c39e90264f33305004495a9","hash":"f0bf6099f212194c537c050a802142d2e8e99915"}
,"/home/luis-lr/Documentos/U4_BARRON/NanoDock_Back/routes/opcionesRoutes.js": {"path":"/home/luis-lr/Documentos/U4_BARRON/NanoDock_Back/routes/opcionesRoutes.js","statementMap":{"0":{"start":{"line":1,"column":16},"end":{"line":1,"column":34}},"1":{"start":{"line":2,"column":15},"end":{"line":2,"column":31}},"2":{"start":{"line":3,"column":28},"end":{"line":3,"column":72}},"3":{"start":{"line":6,"column":0},"end":{"line":6,"column":36}},"4":{"start":{"line":8,"column":0},"end":{"line":8,"column":24}}},"fnMap":{},"branchMap":{},"s":{"0":2,"1":2,"2":2,"3":2,"4":2},"f":{},"b":{},"_coverageSchema":"1a1c01bbd47fc00a2c39e90264f33305004495a9","hash":"7f10e3a51abdfa37da84e9257ff44d789b77aabd"}
,"/home/luis-lr/Documentos/U4_BARRON/NanoDock_Back/routes/partidasRoutes.js": {"path":"/home/luis-lr/Documentos/U4_BARRON/NanoDock_Back/routes/partidasRoutes.js","statementMap":{"0":{"start":{"line":1,"column":16},"end":{"line":1,"column":34}},"1":{"start":{"line":2,"column":15},"end":{"line":2,"column":31}},"2":{"start":{"line":10,"column":4},"end":{"line":10,"column":48}},"3":{"start":{"line":12,"column":0},"end":{"line":12,"column":36}},"4":{"start":{"line":13,"column":0},"end":{"line":13,"column":45}},"5":{"start":{"line":14,"column":0},"end":{"line":14,"column":31}},"6":{"start":{"line":15,"column":0},"end":{"line":15,"column":41}},"7":{"start":{"line":16,"column":0},"end":{"line":16,"column":43}},"8":{"start":{"line":17,"column":0},"end":{"line":17,"column":44}},"9":{"start":{"line":19,"column":0},"end":{"line":19,"column":24}}},"fnMap":{},"branchMap":{},"s":{"0":2,"1":2,"2":2,"3":2,"4":2,"5":2,"6":2,"7":2,"8":2,"9":2},"f":{},"b":{},"_coverageSchema":"1a1c01bbd47fc00a2c39e90264f33305004495a9","hash":"f8f67594f621fc2195bf410bdb6cca587ea137da"}
,"/home/luis-lr/Documentos/U4_BARRON/NanoDock_Back/routes/resultadosRoutes.js": {"path":"/home/luis-lr/Documentos/U4_BARRON/NanoDock_Back/routes/resultadosRoutes.js","statementMap":{"0":{"start":{"line":1,"column":16},"end":{"line":1,"column":34}},"1":{"start":{"line":2,"column":15},"end":{"line":2,"column":31}},"2":{"start":{"line":3,"column":46},"end":{"line":3,"column":91}},"3":{"start":{"line":5,"column":0},"end":{"line":5,"column":38}},"4":{"start":{"line":6,"column":0},"end":{"line":6,"column":33}},"5":{"start":{"line":8,"column":0},"end":{"line":8,"column":24}}},"fnMap":{},"branchMap":{},"s":{"0":2,"1":2,"2":2,"3":2,"4":2,"5":2},"f":{},"b":{},"_coverageSchema":"1a1c01bbd47fc00a2c39e90264f33305004495a9","hash":"b47b61dbca18c37337e786230b8987345f600ef6"}
}
