TN:
SF:index.js
FNF:0
FNH:0
DA:1,1
DA:2,1
DA:3,1
DA:4,1
DA:6,1
DA:8,1
DA:9,1
DA:12,1
DA:13,1
DA:14,1
DA:24,1
LF:11
LH:11
BRF:0
BRH:0
end_of_record
TN:
SF:config/database.js
FN:16,(anonymous_0)
FNF:1
FNH:1
FNDA:2,(anonymous_0)
DA:1,3
DA:2,3
DA:6,3
DA:7,2
DA:16,2
DA:17,2
DA:18,1
DA:19,1
DA:21,1
DA:25,1
DA:30,3
LF:11
LH:11
BRDA:6,0,0,2
BRDA:6,0,1,1
BRDA:17,1,0,1
BRDA:17,1,1,1
BRF:4
BRH:4
end_of_record
TN:
SF:controllers/opcionesController.js
FN:3,(anonymous_0)
FN:6,(anonymous_1)
FNF:2
FNH:2
FNDA:2,(anonymous_0)
FNDA:2,(anonymous_1)
DA:1,1
DA:3,1
DA:4,2
DA:6,2
DA:7,2
DA:8,1
DA:11,1
DA:15,1
LF:8
LH:8
BRDA:7,0,0,1
BRDA:7,0,1,1
BRF:2
BRH:2
end_of_record
TN:
SF:controllers/partidasController.js
FN:4,(anonymous_0)
FN:17,(anonymous_1)
FN:26,(anonymous_2)
FN:41,(anonymous_3)
FN:53,(anonymous_4)
FN:71,(anonymous_5)
FN:83,(anonymous_6)
FN:99,(anonymous_7)
FN:117,(anonymous_8)
FN:129,(anonymous_9)
FN:134,(anonymous_10)
FNF:11
FNH:11
FNDA:2,(anonymous_0)
FNDA:2,(anonymous_1)
FNDA:3,(anonymous_2)
FNDA:3,(anonymous_3)
FNDA:6,(anonymous_4)
FNDA:3,(anonymous_5)
FNDA:2,(anonymous_6)
FNDA:4,(anonymous_7)
FNDA:3,(anonymous_8)
FNDA:3,(anonymous_9)
FNDA:3,(anonymous_10)
DA:1,1
DA:4,1
DA:5,2
DA:17,2
DA:18,2
DA:19,1
DA:21,1
DA:26,1
DA:27,3
DA:29,3
DA:41,3
DA:42,3
DA:43,1
DA:45,2
DA:46,1
DA:48,1
DA:53,1
DA:54,6
DA:56,6
DA:57,1
DA:60,5
DA:63,4
DA:68,4
DA:71,1
DA:72,3
DA:74,3
DA:75,1
DA:78,2
DA:83,2
DA:84,2
DA:85,1
DA:87,1
DA:99,1
DA:100,4
DA:101,4
DA:103,4
DA:108,1
DA:111,3
DA:117,3
DA:118,3
DA:119,1
DA:121,2
DA:122,1
DA:124,1
DA:129,1
DA:130,3
DA:132,3
DA:134,3
DA:135,3
DA:136,1
DA:138,2
DA:139,1
DA:141,1
DA:145,1
LF:54
LH:54
BRDA:18,0,0,1
BRDA:18,0,1,1
BRDA:42,1,0,1
BRDA:42,1,1,2
BRDA:45,2,0,1
BRDA:45,2,1,1
BRDA:56,3,0,1
BRDA:56,3,1,5
BRDA:56,4,0,6
BRDA:56,4,1,5
BRDA:60,5,0,1
BRDA:60,5,1,4
BRDA:63,6,0,4
BRDA:63,6,1,2
BRDA:63,6,2,3
BRDA:63,6,3,1
BRDA:63,6,4,2
BRDA:63,6,5,1
BRDA:68,7,0,3
BRDA:68,7,1,1
BRDA:74,8,0,1
BRDA:74,8,1,2
BRDA:74,9,0,3
BRDA:74,9,1,2
BRDA:74,9,2,2
BRDA:84,10,0,1
BRDA:84,10,1,1
BRDA:103,11,0,1
BRDA:103,11,1,3
BRDA:104,12,0,4
BRDA:104,12,1,3
BRDA:104,12,2,3
BRDA:118,13,0,1
BRDA:118,13,1,2
BRDA:121,14,0,1
BRDA:121,14,1,1
BRDA:135,15,0,1
BRDA:135,15,1,2
BRDA:138,16,0,1
BRDA:138,16,1,1
BRF:40
BRH:40
end_of_record
TN:
SF:controllers/resultadoController.js
FN:4,(anonymous_0)
FN:7,(anonymous_1)
FN:16,(anonymous_2)
FN:25,(anonymous_3)
FNF:4
FNH:4
FNDA:2,(anonymous_0)
FNDA:2,(anonymous_1)
FNDA:4,(anonymous_2)
FNDA:3,(anonymous_3)
DA:1,1
DA:4,1
DA:5,2
DA:7,2
DA:8,2
DA:9,1
DA:11,1
DA:16,1
DA:17,4
DA:19,4
DA:20,1
DA:23,3
DA:25,3
DA:26,3
DA:27,2
DA:28,1
DA:30,1
DA:33,1
DA:41,1
LF:19
LH:19
BRDA:8,0,0,1
BRDA:8,0,1,1
BRDA:19,1,0,1
BRDA:19,1,1,3
BRDA:26,2,0,2
BRDA:26,2,1,1
BRDA:27,3,0,1
BRDA:27,3,1,1
BRF:8
BRH:8
end_of_record
TN:
SF:routes/opcionesRoutes.js
FNF:0
FNH:0
DA:1,2
DA:2,2
DA:3,2
DA:6,2
DA:8,2
LF:5
LH:5
BRF:0
BRH:0
end_of_record
TN:
SF:routes/partidasRoutes.js
FNF:0
FNH:0
DA:1,2
DA:2,2
DA:10,2
DA:12,2
DA:13,2
DA:14,2
DA:15,2
DA:16,2
DA:17,2
DA:19,2
LF:10
LH:10
BRF:0
BRH:0
end_of_record
TN:
SF:routes/resultadosRoutes.js
FNF:0
FNH:0
DA:1,2
DA:2,2
DA:3,2
DA:5,2
DA:6,2
DA:8,2
LF:6
LH:6
BRF:0
BRH:0
end_of_record
